0 info it worked if it ends with ok
1 verbose cli [ '/usr/local/bin/node', '/usr/local/bin/npm', 'link' ]
2 info using npm@3.10.8
3 info using node@v6.9.1
4 verbose linkPkg /Users/rt2zz/dev/smalls
5 silly gentlyRm /usr/local/lib/node_modules/smalls is being purged
6 verbose gentlyRm don't care about contents; nuking /usr/local/lib/node_modules/smalls
7 verbose link build target /usr/local/lib/node_modules/smalls
8 silly loadCurrentTree Starting
9 silly install loadCurrentTree
10 silly install readLocalPackageData
11 silly install normalizeTree
12 silly loadCurrentTree Finishing
13 silly loadIdealTree Starting
14 silly install loadIdealTree
15 silly cloneCurrentTree Starting
16 silly install cloneCurrentTreeToIdealTree
17 silly cloneCurrentTree Finishing
18 silly loadShrinkwrap Starting
19 silly install loadShrinkwrap
20 silly loadShrinkwrap Finishing
21 silly loadAllDepsIntoIdealTree Starting
22 silly install loadAllDepsIntoIdealTree
23 silly loadAllDepsIntoIdealTree Finishing
24 silly loadIdealTree Finishing
25 silly currentTree smalls@1.0.0
25 silly currentTree ├── commander@2.9.0
25 silly currentTree └── graceful-readlink@1.0.1
26 silly idealTree smalls@1.0.0
26 silly idealTree ├── commander@2.9.0
26 silly idealTree └── graceful-readlink@1.0.1
27 silly generateActionsToTake Starting
28 silly install generateActionsToTake
29 silly generateActionsToTake Finishing
30 silly diffTrees action count 0
31 silly decomposeActions action count 0
32 silly runTopLevelLifecycles Starting
33 silly install runPreinstallTopLevelLifecycles
34 silly preinstall smalls@1.0.0 /Users/rt2zz/dev/smalls/smalls-f41f289d
35 info lifecycle smalls@1.0.0~preinstall: smalls@1.0.0
36 silly lifecycle smalls@1.0.0~preinstall: no script for preinstall, continuing
37 silly executeActions Starting
38 silly install executeActions
39 silly doSerial global-install 0
40 silly doParallel fetch 0
41 verbose correctMkdir /Users/rt2zz/.npm/_locks correctMkdir not in flight; initializing
42 verbose lock using /Users/rt2zz/.npm/_locks/staging-2cac433cc35e4807.lock for /Users/rt2zz/dev/smalls/node_modules/.staging
43 silly doParallel extract 0
44 silly doParallel preinstall 0
45 silly doReverseSerial remove 0
46 silly doSerial move 0
47 silly doSerial finalize 0
48 silly doSerial build 0
49 silly doSerial global-link 0
50 silly doParallel update-linked 0
51 silly doSerial install 0
52 silly doSerial postinstall 0
53 verbose unlock done using /Users/rt2zz/.npm/_locks/staging-2cac433cc35e4807.lock for /Users/rt2zz/dev/smalls/node_modules/.staging
54 silly executeActions Finishing
55 silly rollbackFailedOptional Starting
56 silly rollbackFailedOptional Finishing
57 silly install runPostinstallTopLevelLifecycles
58 silly build smalls@1.0.0
59 info linkStuff smalls@1.0.0
60 silly linkStuff smalls@1.0.0 has /Users/rt2zz/dev as its parent node_modules
61 verbose linkBins smalls@1.0.0
62 verbose linkMans smalls@1.0.0
63 silly install smalls@1.0.0 /Users/rt2zz/dev/smalls/smalls-f41f289d
64 info lifecycle smalls@1.0.0~install: smalls@1.0.0
65 silly lifecycle smalls@1.0.0~install: no script for install, continuing
66 silly postinstall smalls@1.0.0 /Users/rt2zz/dev/smalls/smalls-f41f289d
67 info lifecycle smalls@1.0.0~postinstall: smalls@1.0.0
68 silly lifecycle smalls@1.0.0~postinstall: no script for postinstall, continuing
69 silly prepublish smalls@1.0.0 /Users/rt2zz/dev/smalls/smalls-f41f289d
70 info lifecycle smalls@1.0.0~prepublish: smalls@1.0.0
71 silly lifecycle smalls@1.0.0~prepublish: no script for prepublish, continuing
72 silly runTopLevelLifecycles Finishing
73 silly install printInstalled
74 warn smalls@1.0.0 No description
75 verbose If you need help, you may report this error at:
75 verbose     <https://github.com/npm/npm/issues>
76 warn smalls@1.0.0 No repository field.
77 verbose If you need help, you may report this error at:
77 verbose     <https://github.com/npm/npm/issues>
78 info build /usr/local/lib/node_modules/smalls
79 info linkStuff smalls@1.0.0
80 silly linkStuff smalls@1.0.0 has /usr/local/lib/node_modules as its parent node_modules
81 silly linkStuff smalls@1.0.0 is part of a global install
82 silly linkStuff smalls@1.0.0 is installed into a global node_modules
83 silly linkStuff smalls@1.0.0 is installed into the top-level global node_modules
84 verbose linkBins smalls@1.0.0
85 verbose link bins [ { smalls: './smalls' }, '/usr/local/bin', true ]
86 verbose linkMans smalls@1.0.0
87 verbose stack Error: ENOENT: no such file or directory, chmod '/usr/local/lib/node_modules/smalls/smalls'
87 verbose stack     at Error (native)
88 verbose cwd /Users/rt2zz/dev/smalls
89 error Darwin 16.1.0
90 error argv "/usr/local/bin/node" "/usr/local/bin/npm" "link"
91 error node v6.9.1
92 error npm  v3.10.8
93 error path /usr/local/lib/node_modules/smalls/smalls
94 error code ENOENT
95 error errno -2
96 error syscall chmod
97 error enoent ENOENT: no such file or directory, chmod '/usr/local/lib/node_modules/smalls/smalls'
98 error enoent ENOENT: no such file or directory, chmod '/usr/local/lib/node_modules/smalls/smalls'
98 error enoent This is most likely not a problem with npm itself
98 error enoent and is related to npm not being able to find a file.
99 verbose exit [ -2, true ]
